[15-Oct-2021 09:47:10 America/New_York] Inicio de la ejecución
[15-Oct-2021 09:47:10 America/New_York] Login::construct -> inicio de Login
[15-Oct-2021 09:47:10 America/New_York] Conexión a BD exitosa
[15-Oct-2021 09:47:10 America/New_York] Inicio de la ejecución
[15-Oct-2021 09:47:10 America/New_York] Conexión a BD exitosa
[15-Oct-2021 09:47:10 America/New_York] Dashboard::render -> Carga el index del Dashboard
[15-Oct-2021 09:47:25 America/New_York] Inicio de la ejecución
[15-Oct-2021 09:47:25 America/New_York] Dashboard::render -> Carga el index del Dashboard
[15-Oct-2021 09:47:25 America/New_York] Inicio de la ejecución
[15-Oct-2021 09:47:25 America/New_York] APP::construct -> no hay controlador especificado
[15-Oct-2021 09:47:25 America/New_York] Login::construct -> inicio de Login
[15-Oct-2021 10:05:40 America/New_York] Inicio de la ejecución
[15-Oct-2021 10:05:40 America/New_York] Login::construct -> inicio de Login
[15-Oct-2021 10:05:40 America/New_York] Conexión a BD exitosa
[15-Oct-2021 10:05:40 America/New_York] Inicio de la ejecución
[15-Oct-2021 10:05:40 America/New_York] APP::construct -> no hay controlador especificado
[15-Oct-2021 10:05:40 America/New_York] Login::construct -> inicio de Login
[15-Oct-2021 10:05:44 America/New_York] Inicio de la ejecución
[15-Oct-2021 10:05:44 America/New_York] Login::construct -> inicio de Login
[15-Oct-2021 10:05:44 America/New_York] Conexión a BD exitosa
[15-Oct-2021 10:05:44 America/New_York] Inicio de la ejecución
[15-Oct-2021 10:05:44 America/New_York] APP::construct -> no hay controlador especificado
[15-Oct-2021 10:05:44 America/New_York] Login::construct -> inicio de Login
[15-Oct-2021 10:05:47 America/New_York] Inicio de la ejecución
[15-Oct-2021 10:05:47 America/New_York] Login::construct -> inicio de Login
[15-Oct-2021 10:05:47 America/New_York] Conexión a BD exitosa
[15-Oct-2021 10:05:47 America/New_York] Inicio de la ejecución
[15-Oct-2021 10:05:47 America/New_York] APP::construct -> no hay controlador especificado
[15-Oct-2021 10:05:47 America/New_York] Login::construct -> inicio de Login
[15-Oct-2021 10:06:45 America/New_York] Inicio de la ejecución
[15-Oct-2021 10:06:45 America/New_York] APP::construct -> no hay controlador especificado
[15-Oct-2021 10:06:45 America/New_York] Login::construct -> inicio de Login
[15-Oct-2021 10:06:48 America/New_York] Inicio de la ejecución
[15-Oct-2021 10:06:48 America/New_York] Login::construct -> inicio de Login
[15-Oct-2021 10:06:48 America/New_York] Inicio de la ejecución
[15-Oct-2021 10:06:48 America/New_York] APP::construct -> no hay controlador especificado
[15-Oct-2021 10:06:48 America/New_York] Login::construct -> inicio de Login
[15-Oct-2021 10:06:56 America/New_York] Inicio de la ejecución
[15-Oct-2021 10:06:56 America/New_York] Login::construct -> inicio de Login
[15-Oct-2021 10:06:56 America/New_York] Conexión a BD exitosa
[15-Oct-2021 10:06:56 America/New_York] Inicio de la ejecución
[15-Oct-2021 10:06:56 America/New_York] Dashboard::construct -> Inicio de Dashboard
[15-Oct-2021 10:06:56 America/New_York] Conexión a BD exitosa
[15-Oct-2021 10:06:56 America/New_York] Dashboard::render -> Carga el index del Dashboard
[15-Oct-2021 10:07:06 America/New_York] Inicio de la ejecución
[15-Oct-2021 10:07:06 America/New_York] Dashboard::construct -> Inicio de Dashboard
[15-Oct-2021 10:07:06 America/New_York] Dashboard::render -> Carga el index del Dashboard
[15-Oct-2021 10:07:06 America/New_York] Inicio de la ejecución
[15-Oct-2021 10:07:06 America/New_York] APP::construct -> no hay controlador especificado
[15-Oct-2021 10:07:06 America/New_York] Login::construct -> inicio de Login
